2024-11-11T15:07:30.892+05:00  INFO 18936 --- [testtt] [main] c.exampletest.testtt.TestttApplication   : Starting TestttApplication using Java 21.0.2 with PID 18936 (D:\Idea\testtt\target\classes started by info- in D:\Idea\testtt)
2024-11-11T15:07:30.899+05:00  INFO 18936 --- [testtt] [main] c.exampletest.testtt.TestttApplication   : No active profile set, falling back to 1 default profile: "default"
2024-11-11T15:07:31.669+05:00  INFO 18936 --- [testtt] [main] .s.d.r.c.RepositoryConfigurationDelegate : Bootstrapping Spring Data R2DBC repositories in DEFAULT mode.
2024-11-11T15:07:31.784+05:00  INFO 18936 --- [testtt] [main] .s.d.r.c.RepositoryConfigurationDelegate : Finished Spring Data repository scanning in 112 ms. Found 4 R2DBC repository interfaces.
2024-11-11T15:07:32.167+05:00  INFO 18936 --- [testtt] [main] o.s.b.w.embedded.tomcat.TomcatWebServer  : Tomcat initialized with port 8080 (http)
2024-11-11T15:07:32.178+05:00  INFO 18936 --- [testtt] [main] o.apache.catalina.core.StandardService   : Starting service [Tomcat]
2024-11-11T15:07:32.178+05:00  INFO 18936 --- [testtt] [main] o.apache.catalina.core.StandardEngine    : Starting Servlet engine: [Apache Tomcat/10.1.30]
2024-11-11T15:07:32.219+05:00  INFO 18936 --- [testtt] [main] o.a.c.c.C.[Tomcat].[localhost].[/]       : Initializing Spring embedded WebApplicationContext
2024-11-11T15:07:32.219+05:00  INFO 18936 --- [testtt] [main] w.s.c.ServletWebServerApplicationContext : Root WebApplicationContext: initialization completed in 1287 ms
2024-11-11T15:07:33.044+05:00  INFO 18936 --- [testtt] [main] o.s.b.a.w.s.WelcomePageHandlerMapping    : Adding welcome page: class path resource [static/index.html]
2024-11-11T15:07:33.288+05:00  INFO 18936 --- [testtt] [main] o.s.b.w.embedded.tomcat.TomcatWebServer  : Tomcat started on port 8080 (http) with context path '/'
2024-11-11T15:07:33.289+05:00  INFO 18936 --- [testtt] [main] o.s.m.s.b.SimpleBrokerMessageHandler     : Starting...
2024-11-11T15:07:33.289+05:00  INFO 18936 --- [testtt] [main] o.s.m.s.b.SimpleBrokerMessageHandler     : BrokerAvailabilityEvent[available=true, SimpleBrokerMessageHandler [org.springframework.messaging.simp.broker.DefaultSubscriptionRegistry@1f521c69]]
2024-11-11T15:07:33.289+05:00  INFO 18936 --- [testtt] [main] o.s.m.s.b.SimpleBrokerMessageHandler     : Started.
2024-11-11T15:07:33.292+05:00  INFO 18936 --- [testtt] [main] o.s.a.r.c.CachingConnectionFactory       : Attempting to connect to: [localhost:5672]
2024-11-11T15:07:33.334+05:00  INFO 18936 --- [testtt] [main] o.s.a.r.c.CachingConnectionFactory       : Created new connection: rabbitConnectionFactory#87aec6a:0/SimpleConnection@5de243bb [delegate=amqp://guest@127.0.0.1:5672/, localPort=56363]
2024-11-11T15:07:33.368+05:00  INFO 18936 --- [testtt] [main] c.exampletest.testtt.TestttApplication   : Started TestttApplication in 2.772 seconds (process running for 3.342)
2024-11-11T15:07:33.614+05:00  INFO 18936 --- [testtt] [http-nio-8080-exec-1] o.a.c.c.C.[Tomcat].[localhost].[/]       : Initializing Spring DispatcherServlet 'dispatcherServlet'
2024-11-11T15:07:33.615+05:00  INFO 18936 --- [testtt] [http-nio-8080-exec-1] o.s.web.servlet.DispatcherServlet        : Initializing Servlet 'dispatcherServlet'
2024-11-11T15:07:33.615+05:00  INFO 18936 --- [testtt] [http-nio-8080-exec-1] o.s.web.servlet.DispatcherServlet        : Completed initialization in 0 ms
2024-11-11T15:07:34.119+05:00 ERROR 18936 --- [testtt] [MessageBroker-1] c.e.testtt.WebJobs.HttpsHelpers          : Токен устарел, авторизация невозможна.
2024-11-11T15:08:07.356+05:00  INFO 18936 --- [testtt] [SpringApplicationShutdownHook] o.s.m.s.b.SimpleBrokerMessageHandler     : Stopping...
2024-11-11T15:08:07.356+05:00  INFO 18936 --- [testtt] [SpringApplicationShutdownHook] o.s.m.s.b.SimpleBrokerMessageHandler     : BrokerAvailabilityEvent[available=false, SimpleBrokerMessageHandler [org.springframework.messaging.simp.broker.DefaultSubscriptionRegistry@1f521c69]]
2024-11-11T15:08:07.356+05:00  INFO 18936 --- [testtt] [SpringApplicationShutdownHook] o.s.m.s.b.SimpleBrokerMessageHandler     : Stopped.
2024-11-11T15:08:07.359+05:00  INFO 18936 --- [testtt] [org.springframework.amqp.rabbit.RabbitListenerEndpointContainer#0-2] o.s.a.r.l.SimpleMessageListenerContainer : Waiting for workers to finish.
2024-11-11T15:08:07.642+05:00  INFO 18936 --- [testtt] [org.springframework.amqp.rabbit.RabbitListenerEndpointContainer#0-2] o.s.a.r.l.SimpleMessageListenerContainer : Successfully waited for workers to finish.
2024-11-11T15:09:02.292+05:00  INFO 21932 --- [testtt] [main] c.exampletest.testtt.TestttApplication   : Starting TestttApplication using Java 21.0.2 with PID 21932 (D:\Idea\testtt\target\classes started by info- in D:\Idea\testtt)
2024-11-11T15:09:02.294+05:00  INFO 21932 --- [testtt] [main] c.exampletest.testtt.TestttApplication   : No active profile set, falling back to 1 default profile: "default"
2024-11-11T15:09:02.728+05:00  INFO 21932 --- [testtt] [main] .s.d.r.c.RepositoryConfigurationDelegate : Bootstrapping Spring Data R2DBC repositories in DEFAULT mode.
2024-11-11T15:09:02.821+05:00  INFO 21932 --- [testtt] [main] .s.d.r.c.RepositoryConfigurationDelegate : Finished Spring Data repository scanning in 88 ms. Found 4 R2DBC repository interfaces.
2024-11-11T15:09:03.159+05:00  INFO 21932 --- [testtt] [main] o.s.b.w.embedded.tomcat.TomcatWebServer  : Tomcat initialized with port 8080 (http)
2024-11-11T15:09:03.168+05:00  INFO 21932 --- [testtt] [main] o.apache.catalina.core.StandardService   : Starting service [Tomcat]
2024-11-11T15:09:03.168+05:00  INFO 21932 --- [testtt] [main] o.apache.catalina.core.StandardEngine    : Starting Servlet engine: [Apache Tomcat/10.1.30]
2024-11-11T15:09:03.204+05:00  INFO 21932 --- [testtt] [main] o.a.c.c.C.[Tomcat].[localhost].[/]       : Initializing Spring embedded WebApplicationContext
2024-11-11T15:09:03.204+05:00  INFO 21932 --- [testtt] [main] w.s.c.ServletWebServerApplicationContext : Root WebApplicationContext: initialization completed in 883 ms
2024-11-11T15:09:03.878+05:00  INFO 21932 --- [testtt] [main] o.s.b.a.w.s.WelcomePageHandlerMapping    : Adding welcome page: class path resource [static/index.html]
2024-11-11T15:09:04.110+05:00  INFO 21932 --- [testtt] [main] o.s.b.w.embedded.tomcat.TomcatWebServer  : Tomcat started on port 8080 (http) with context path '/'
2024-11-11T15:09:04.111+05:00  INFO 21932 --- [testtt] [main] o.s.m.s.b.SimpleBrokerMessageHandler     : Starting...
2024-11-11T15:09:04.111+05:00  INFO 21932 --- [testtt] [main] o.s.m.s.b.SimpleBrokerMessageHandler     : BrokerAvailabilityEvent[available=true, SimpleBrokerMessageHandler [org.springframework.messaging.simp.broker.DefaultSubscriptionRegistry@77f7352a]]
2024-11-11T15:09:04.111+05:00  INFO 21932 --- [testtt] [main] o.s.m.s.b.SimpleBrokerMessageHandler     : Started.
2024-11-11T15:09:04.113+05:00  INFO 21932 --- [testtt] [main] o.s.a.r.c.CachingConnectionFactory       : Attempting to connect to: [localhost:5672]
2024-11-11T15:09:04.141+05:00  INFO 21932 --- [testtt] [main] o.s.a.r.c.CachingConnectionFactory       : Created new connection: rabbitConnectionFactory#4aac81ca:0/SimpleConnection@47ffa248 [delegate=amqp://guest@127.0.0.1:5672/, localPort=56418]
2024-11-11T15:09:04.174+05:00  INFO 21932 --- [testtt] [main] c.exampletest.testtt.TestttApplication   : Started TestttApplication in 2.143 seconds (process running for 2.571)
2024-11-11T15:09:04.398+05:00  INFO 21932 --- [testtt] [http-nio-8080-exec-1] o.a.c.c.C.[Tomcat].[localhost].[/]       : Initializing Spring DispatcherServlet 'dispatcherServlet'
2024-11-11T15:09:04.398+05:00  INFO 21932 --- [testtt] [http-nio-8080-exec-1] o.s.web.servlet.DispatcherServlet        : Initializing Servlet 'dispatcherServlet'
2024-11-11T15:09:04.400+05:00  INFO 21932 --- [testtt] [http-nio-8080-exec-1] o.s.web.servlet.DispatcherServlet        : Completed initialization in 2 ms
2024-11-11T15:09:37.384+05:00  INFO 21932 --- [testtt] [SpringApplicationShutdownHook] o.s.m.s.b.SimpleBrokerMessageHandler     : Stopping...
2024-11-11T15:09:37.385+05:00  INFO 21932 --- [testtt] [SpringApplicationShutdownHook] o.s.m.s.b.SimpleBrokerMessageHandler     : BrokerAvailabilityEvent[available=false, SimpleBrokerMessageHandler [org.springframework.messaging.simp.broker.DefaultSubscriptionRegistry@77f7352a]]
2024-11-11T15:09:37.385+05:00  INFO 21932 --- [testtt] [SpringApplicationShutdownHook] o.s.m.s.b.SimpleBrokerMessageHandler     : Stopped.
2024-11-11T15:09:37.387+05:00  INFO 21932 --- [testtt] [org.springframework.amqp.rabbit.RabbitListenerEndpointContainer#0-2] o.s.a.r.l.SimpleMessageListenerContainer : Waiting for workers to finish.
2024-11-11T15:09:37.446+05:00  INFO 21932 --- [testtt] [org.springframework.amqp.rabbit.RabbitListenerEndpointContainer#0-2] o.s.a.r.l.SimpleMessageListenerContainer : Successfully waited for workers to finish.
